{"/home/luke/Projects/rstful/app/services/auth/auth.effect.ts": {"path":"/home/luke/Projects/rstful/app/services/auth/auth.effect.ts","statementMap":{"0":{"start":{"line":5,"column":31},"end":{"line":126,"column":null}},"1":{"start":{"line":8,"column":32},"end":{"line":124,"column":6}},"2":{"start":{"line":9,"column":42},"end":{"line":48,"column":null}},"3":{"start":{"line":12,"column":0},"end":{"line":14,"column":null}},"4":{"start":{"line":13,"column":0},"end":{"line":13,"column":null}},"5":{"start":{"line":15,"column":0},"end":{"line":15,"column":null}},"6":{"start":{"line":17,"column":24},"end":{"line":19,"column":null}},"7":{"start":{"line":22,"column":21},"end":{"line":22,"column":null}},"8":{"start":{"line":23,"column":23},"end":{"line":23,"column":null}},"9":{"start":{"line":26,"column":21},"end":{"line":26,"column":null}},"10":{"start":{"line":27,"column":23},"end":{"line":29,"column":null}},"11":{"start":{"line":33,"column":54},"end":{"line":40,"column":null}},"12":{"start":{"line":34,"column":29},"end":{"line":34,"column":null}},"13":{"start":{"line":35,"column":0},"end":{"line":35,"column":null}},"14":{"start":{"line":36,"column":0},"end":{"line":36,"column":null}},"15":{"start":{"line":37,"column":0},"end":{"line":37,"column":null}},"16":{"start":{"line":38,"column":0},"end":{"line":38,"column":null}},"17":{"start":{"line":39,"column":0},"end":{"line":39,"column":null}},"18":{"start":{"line":43,"column":24},"end":{"line":46,"column":null}},"19":{"start":{"line":44,"column":23},"end":{"line":44,"column":null}},"20":{"start":{"line":45,"column":25},"end":{"line":45,"column":null}},"21":{"start":{"line":49,"column":34},"end":{"line":62,"column":null}},"22":{"start":{"line":50,"column":25},"end":{"line":50,"column":null}},"23":{"start":{"line":51,"column":0},"end":{"line":51,"column":null}},"24":{"start":{"line":52,"column":0},"end":{"line":52,"column":null}},"25":{"start":{"line":53,"column":0},"end":{"line":53,"column":null}},"26":{"start":{"line":54,"column":0},"end":{"line":54,"column":null}},"27":{"start":{"line":57,"column":24},"end":{"line":60,"column":null}},"28":{"start":{"line":58,"column":23},"end":{"line":58,"column":null}},"29":{"start":{"line":59,"column":25},"end":{"line":59,"column":null}},"30":{"start":{"line":64,"column":19},"end":{"line":64,"column":null}},"31":{"start":{"line":65,"column":21},"end":{"line":65,"column":null}},"32":{"start":{"line":67,"column":37},"end":{"line":84,"column":null}},"33":{"start":{"line":67,"column":54},"end":{"line":67,"column":66}},"34":{"start":{"line":68,"column":30},"end":{"line":68,"column":86}},"35":{"start":{"line":70,"column":26},"end":{"line":76,"column":null}},"36":{"start":{"line":71,"column":29},"end":{"line":71,"column":null}},"37":{"start":{"line":72,"column":0},"end":{"line":72,"column":null}},"38":{"start":{"line":73,"column":0},"end":{"line":73,"column":null}},"39":{"start":{"line":74,"column":0},"end":{"line":74,"column":null}},"40":{"start":{"line":75,"column":0},"end":{"line":75,"column":null}},"41":{"start":{"line":79,"column":24},"end":{"line":82,"column":null}},"42":{"start":{"line":80,"column":23},"end":{"line":80,"column":null}},"43":{"start":{"line":81,"column":25},"end":{"line":81,"column":null}},"44":{"start":{"line":85,"column":41},"end":{"line":101,"column":null}},"45":{"start":{"line":85,"column":58},"end":{"line":85,"column":70}},"46":{"start":{"line":86,"column":30},"end":{"line":86,"column":86}},"47":{"start":{"line":88,"column":26},"end":{"line":93,"column":null}},"48":{"start":{"line":89,"column":29},"end":{"line":89,"column":null}},"49":{"start":{"line":90,"column":0},"end":{"line":90,"column":null}},"50":{"start":{"line":91,"column":0},"end":{"line":91,"column":null}},"51":{"start":{"line":92,"column":0},"end":{"line":92,"column":null}},"52":{"start":{"line":96,"column":24},"end":{"line":99,"column":null}},"53":{"start":{"line":97,"column":23},"end":{"line":97,"column":null}},"54":{"start":{"line":98,"column":25},"end":{"line":98,"column":null}},"55":{"start":{"line":102,"column":53},"end":{"line":123,"column":null}},"56":{"start":{"line":103,"column":25},"end":{"line":103,"column":37}},"57":{"start":{"line":104,"column":25},"end":{"line":104,"column":47}},"58":{"start":{"line":106,"column":30},"end":{"line":106,"column":98}},"59":{"start":{"line":108,"column":43},"end":{"line":115,"column":null}},"60":{"start":{"line":109,"column":29},"end":{"line":109,"column":null}},"61":{"start":{"line":110,"column":0},"end":{"line":110,"column":null}},"62":{"start":{"line":111,"column":0},"end":{"line":111,"column":null}},"63":{"start":{"line":112,"column":0},"end":{"line":112,"column":null}},"64":{"start":{"line":113,"column":0},"end":{"line":113,"column":null}},"65":{"start":{"line":114,"column":0},"end":{"line":114,"column":null}},"66":{"start":{"line":118,"column":24},"end":{"line":121,"column":null}},"67":{"start":{"line":119,"column":23},"end":{"line":119,"column":null}},"68":{"start":{"line":120,"column":25},"end":{"line":120,"column":null}}},"fnMap":{"0":{"name":"(anonymous_0)","decl":{"start":{"line":8,"column":15},"end":{"line":8,"column":16}},"loc":{"start":{"line":8,"column":32},"end":{"line":124,"column":6}}},"1":{"name":"(anonymous_1)","decl":{"start":{"line":9,"column":15},"end":{"line":9,"column":16}},"loc":{"start":{"line":9,"column":42},"end":{"line":48,"column":null}}},"2":{"name":"(anonymous_2)","decl":{"start":{"line":11,"column":15},"end":{"line":11,"column":21}},"loc":{"start":{"line":11,"column":21},"end":{"line":16,"column":null}}},"3":{"name":"(anonymous_3)","decl":{"start":{"line":17,"column":17},"end":{"line":17,"column":18}},"loc":{"start":{"line":17,"column":24},"end":{"line":19,"column":null}}},"4":{"name":"(anonymous_4)","decl":{"start":{"line":22,"column":15},"end":{"line":22,"column":21}},"loc":{"start":{"line":22,"column":21},"end":{"line":22,"column":null}}},"5":{"name":"(anonymous_5)","decl":{"start":{"line":23,"column":17},"end":{"line":23,"column":23}},"loc":{"start":{"line":23,"column":23},"end":{"line":23,"column":null}}},"6":{"name":"(anonymous_6)","decl":{"start":{"line":26,"column":15},"end":{"line":26,"column":21}},"loc":{"start":{"line":26,"column":21},"end":{"line":26,"column":null}}},"7":{"name":"(anonymous_7)","decl":{"start":{"line":27,"column":17},"end":{"line":27,"column":23}},"loc":{"start":{"line":27,"column":23},"end":{"line":29,"column":null}}},"8":{"name":"(anonymous_8)","decl":{"start":{"line":33,"column":10},"end":{"line":33,"column":11}},"loc":{"start":{"line":33,"column":54},"end":{"line":40,"column":null}}},"9":{"name":"(anonymous_9)","decl":{"start":{"line":33,"column":66},"end":{"line":33,"column":72}},"loc":{"start":{"line":33,"column":72},"end":{"line":40,"column":11}}},"10":{"name":"(anonymous_10)","decl":{"start":{"line":43,"column":10},"end":{"line":43,"column":11}},"loc":{"start":{"line":43,"column":24},"end":{"line":46,"column":null}}},"11":{"name":"(anonymous_11)","decl":{"start":{"line":44,"column":17},"end":{"line":44,"column":23}},"loc":{"start":{"line":44,"column":23},"end":{"line":44,"column":null}}},"12":{"name":"(anonymous_12)","decl":{"start":{"line":45,"column":19},"end":{"line":45,"column":25}},"loc":{"start":{"line":45,"column":25},"end":{"line":45,"column":null}}},"13":{"name":"(anonymous_13)","decl":{"start":{"line":49,"column":13},"end":{"line":49,"column":14}},"loc":{"start":{"line":49,"column":34},"end":{"line":62,"column":null}}},"14":{"name":"(anonymous_14)","decl":{"start":{"line":49,"column":46},"end":{"line":49,"column":52}},"loc":{"start":{"line":49,"column":52},"end":{"line":55,"column":7}}},"15":{"name":"(anonymous_15)","decl":{"start":{"line":57,"column":10},"end":{"line":57,"column":11}},"loc":{"start":{"line":57,"column":24},"end":{"line":60,"column":null}}},"16":{"name":"(anonymous_16)","decl":{"start":{"line":58,"column":17},"end":{"line":58,"column":23}},"loc":{"start":{"line":58,"column":23},"end":{"line":58,"column":null}}},"17":{"name":"(anonymous_17)","decl":{"start":{"line":59,"column":19},"end":{"line":59,"column":25}},"loc":{"start":{"line":59,"column":25},"end":{"line":59,"column":null}}},"18":{"name":"(anonymous_18)","decl":{"start":{"line":64,"column":13},"end":{"line":64,"column":19}},"loc":{"start":{"line":64,"column":19},"end":{"line":64,"column":null}}},"19":{"name":"(anonymous_19)","decl":{"start":{"line":65,"column":15},"end":{"line":65,"column":21}},"loc":{"start":{"line":65,"column":21},"end":{"line":65,"column":null}}},"20":{"name":"(anonymous_20)","decl":{"start":{"line":67,"column":20},"end":{"line":67,"column":21}},"loc":{"start":{"line":67,"column":37},"end":{"line":84,"column":null}}},"21":{"name":"(anonymous_21)","decl":{"start":{"line":67,"column":48},"end":{"line":67,"column":54}},"loc":{"start":{"line":67,"column":54},"end":{"line":67,"column":66}}},"22":{"name":"(anonymous_22)","decl":{"start":{"line":68,"column":24},"end":{"line":68,"column":30}},"loc":{"start":{"line":68,"column":30},"end":{"line":68,"column":86}}},"23":{"name":"(anonymous_23)","decl":{"start":{"line":70,"column":10},"end":{"line":70,"column":11}},"loc":{"start":{"line":70,"column":26},"end":{"line":76,"column":null}}},"24":{"name":"(anonymous_24)","decl":{"start":{"line":70,"column":38},"end":{"line":70,"column":44}},"loc":{"start":{"line":70,"column":44},"end":{"line":76,"column":11}}},"25":{"name":"(anonymous_25)","decl":{"start":{"line":79,"column":10},"end":{"line":79,"column":11}},"loc":{"start":{"line":79,"column":24},"end":{"line":82,"column":null}}},"26":{"name":"(anonymous_26)","decl":{"start":{"line":80,"column":17},"end":{"line":80,"column":23}},"loc":{"start":{"line":80,"column":23},"end":{"line":80,"column":null}}},"27":{"name":"(anonymous_27)","decl":{"start":{"line":81,"column":19},"end":{"line":81,"column":25}},"loc":{"start":{"line":81,"column":25},"end":{"line":81,"column":null}}},"28":{"name":"(anonymous_28)","decl":{"start":{"line":85,"column":30},"end":{"line":85,"column":31}},"loc":{"start":{"line":85,"column":41},"end":{"line":101,"column":null}}},"29":{"name":"(anonymous_29)","decl":{"start":{"line":85,"column":52},"end":{"line":85,"column":58}},"loc":{"start":{"line":85,"column":58},"end":{"line":85,"column":70}}},"30":{"name":"(anonymous_30)","decl":{"start":{"line":86,"column":24},"end":{"line":86,"column":30}},"loc":{"start":{"line":86,"column":30},"end":{"line":86,"column":86}}},"31":{"name":"(anonymous_31)","decl":{"start":{"line":88,"column":10},"end":{"line":88,"column":11}},"loc":{"start":{"line":88,"column":26},"end":{"line":93,"column":null}}},"32":{"name":"(anonymous_32)","decl":{"start":{"line":88,"column":38},"end":{"line":88,"column":44}},"loc":{"start":{"line":88,"column":44},"end":{"line":93,"column":11}}},"33":{"name":"(anonymous_33)","decl":{"start":{"line":96,"column":10},"end":{"line":96,"column":11}},"loc":{"start":{"line":96,"column":24},"end":{"line":99,"column":null}}},"34":{"name":"(anonymous_34)","decl":{"start":{"line":97,"column":17},"end":{"line":97,"column":23}},"loc":{"start":{"line":97,"column":23},"end":{"line":97,"column":null}}},"35":{"name":"(anonymous_35)","decl":{"start":{"line":98,"column":19},"end":{"line":98,"column":25}},"loc":{"start":{"line":98,"column":25},"end":{"line":98,"column":null}}},"36":{"name":"(anonymous_36)","decl":{"start":{"line":102,"column":22},"end":{"line":102,"column":23}},"loc":{"start":{"line":102,"column":53},"end":{"line":123,"column":null}}},"37":{"name":"(anonymous_37)","decl":{"start":{"line":103,"column":19},"end":{"line":103,"column":25}},"loc":{"start":{"line":103,"column":25},"end":{"line":103,"column":37}}},"38":{"name":"(anonymous_38)","decl":{"start":{"line":104,"column":19},"end":{"line":104,"column":25}},"loc":{"start":{"line":104,"column":25},"end":{"line":104,"column":47}}},"39":{"name":"(anonymous_39)","decl":{"start":{"line":106,"column":24},"end":{"line":106,"column":30}},"loc":{"start":{"line":106,"column":30},"end":{"line":106,"column":98}}},"40":{"name":"(anonymous_40)","decl":{"start":{"line":108,"column":10},"end":{"line":108,"column":11}},"loc":{"start":{"line":108,"column":43},"end":{"line":115,"column":null}}},"41":{"name":"(anonymous_41)","decl":{"start":{"line":108,"column":55},"end":{"line":108,"column":61}},"loc":{"start":{"line":108,"column":61},"end":{"line":115,"column":11}}},"42":{"name":"(anonymous_42)","decl":{"start":{"line":118,"column":10},"end":{"line":118,"column":11}},"loc":{"start":{"line":118,"column":24},"end":{"line":121,"column":null}}},"43":{"name":"(anonymous_43)","decl":{"start":{"line":119,"column":17},"end":{"line":119,"column":23}},"loc":{"start":{"line":119,"column":23},"end":{"line":119,"column":null}}},"44":{"name":"(anonymous_44)","decl":{"start":{"line":120,"column":19},"end":{"line":120,"column":25}},"loc":{"start":{"line":120,"column":25},"end":{"line":120,"column":null}}}},"branchMap":{"0":{"loc":{"start":{"line":12,"column":0},"end":{"line":14,"column":null}},"type":"if","locations":[{"start":{"line":12,"column":0},"end":{"line":14,"column":null}},{"start":{},"end":{}}]},"1":{"loc":{"start":{"line":12,"column":16},"end":{"line":12,"column":51}},"type":"binary-expr","locations":[{"start":{"line":12,"column":16},"end":{"line":12,"column":25}},{"start":{"line":12,"column":25},"end":{"line":12,"column":51}}]},"2":{"loc":{"start":{"line":18,"column":21},"end":{"line":18,"column":null}},"type":"cond-expr","locations":[{"start":{"line":18,"column":42},"end":{"line":18,"column":54}},{"start":{"line":18,"column":54},"end":{"line":18,"column":null}}]}},"s":{"0":0,"1":0,"2":0,"3":0,"4":0,"5":0,"6":0,"7":0,"8":0,"9":0,"10":0,"11":0,"12":0,"13":0,"14":0,"15":0,"16":0,"17":0,"18":0,"19":0,"20":0,"21":0,"22":0,"23":0,"24":0,"25":0,"26":0,"27":0,"28":0,"29":0,"30":0,"31":0,"32":0,"33":0,"34":0,"35":0,"36":0,"37":0,"38":0,"39":0,"40":0,"41":0,"42":0,"43":0,"44":0,"45":0,"46":0,"47":0,"48":0,"49":0,"50":0,"51":0,"52":0,"53":0,"54":0,"55":0,"56":0,"57":0,"58":0,"59":0,"60":0,"61":0,"62":0,"63":0,"64":0,"65":0,"66":0,"67":0,"68":0},"f":{"0":0,"1":0,"2":0,"3":0,"4":0,"5":0,"6":0,"7":0,"8":0,"9":0,"10":0,"11":0,"12":0,"13":0,"14":0,"15":0,"16":0,"17":0,"18":0,"19":0,"20":0,"21":0,"22":0,"23":0,"24":0,"25":0,"26":0,"27":0,"28":0,"29":0,"30":0,"31":0,"32":0,"33":0,"34":0,"35":0,"36":0,"37":0,"38":0,"39":0,"40":0,"41":0,"42":0,"43":0,"44":0},"b":{"0":[0,0],"1":[0,0],"2":[0,0]}}
,"/home/luke/Projects/rstful/app/services/rss_feed/rss_feed.effect.ts": {"path":"/home/luke/Projects/rstful/app/services/rss_feed/rss_feed.effect.ts","statementMap":{"0":{"start":{"line":4,"column":29},"end":{"line":18,"column":null}},"1":{"start":{"line":4,"column":54},"end":{"line":18,"column":null}},"2":{"start":{"line":6,"column":19},"end":{"line":6,"column":34}},"3":{"start":{"line":7,"column":10},"end":{"line":7,"column":null}},"4":{"start":{"line":10,"column":18},"end":{"line":10,"column":33}},"5":{"start":{"line":11,"column":10},"end":{"line":11,"column":null}},"6":{"start":{"line":14,"column":23},"end":{"line":14,"column":38}},"7":{"start":{"line":15,"column":10},"end":{"line":15,"column":null}},"8":{"start":{"line":17,"column":30},"end":{"line":17,"column":55}},"9":{"start":{"line":19,"column":42},"end":{"line":49,"column":null}},"10":{"start":{"line":19,"column":110},"end":{"line":49,"column":null}},"11":{"start":{"line":20,"column":53},"end":{"line":36,"column":null}},"12":{"start":{"line":22,"column":59},"end":{"line":34,"column":null}},"13":{"start":{"line":23,"column":19},"end":{"line":32,"column":null}},"14":{"start":{"line":33,"column":26},"end":{"line":33,"column":null}},"15":{"start":{"line":37,"column":57},"end":{"line":44,"column":null}},"16":{"start":{"line":39,"column":59},"end":{"line":42,"column":null}},"17":{"start":{"line":40,"column":19},"end":{"line":40,"column":null}},"18":{"start":{"line":41,"column":26},"end":{"line":41,"column":null}},"19":{"start":{"line":45,"column":36},"end":{"line":48,"column":null}},"20":{"start":{"line":46,"column":15},"end":{"line":46,"column":null}},"21":{"start":{"line":47,"column":22},"end":{"line":47,"column":null}}},"fnMap":{"0":{"name":"(anonymous_0)","decl":{"start":{"line":4,"column":29},"end":{"line":4,"column":30}},"loc":{"start":{"line":4,"column":54},"end":{"line":18,"column":null}}},"1":{"name":"(anonymous_1)","decl":{"start":{"line":6,"column":12},"end":{"line":6,"column":13}},"loc":{"start":{"line":6,"column":19},"end":{"line":6,"column":34}}},"2":{"name":"(anonymous_2)","decl":{"start":{"line":7,"column":4},"end":{"line":7,"column":10}},"loc":{"start":{"line":7,"column":10},"end":{"line":7,"column":null}}},"3":{"name":"(anonymous_3)","decl":{"start":{"line":10,"column":11},"end":{"line":10,"column":12}},"loc":{"start":{"line":10,"column":18},"end":{"line":10,"column":33}}},"4":{"name":"(anonymous_4)","decl":{"start":{"line":11,"column":4},"end":{"line":11,"column":10}},"loc":{"start":{"line":11,"column":10},"end":{"line":11,"column":null}}},"5":{"name":"(anonymous_5)","decl":{"start":{"line":14,"column":16},"end":{"line":14,"column":17}},"loc":{"start":{"line":14,"column":23},"end":{"line":14,"column":38}}},"6":{"name":"(anonymous_6)","decl":{"start":{"line":15,"column":4},"end":{"line":15,"column":10}},"loc":{"start":{"line":15,"column":10},"end":{"line":15,"column":null}}},"7":{"name":"(anonymous_7)","decl":{"start":{"line":17,"column":15},"end":{"line":17,"column":16}},"loc":{"start":{"line":17,"column":30},"end":{"line":17,"column":55}}},"8":{"name":"(anonymous_8)","decl":{"start":{"line":19,"column":42},"end":{"line":19,"column":43}},"loc":{"start":{"line":19,"column":110},"end":{"line":49,"column":null}}},"9":{"name":"(anonymous_9)","decl":{"start":{"line":20,"column":19},"end":{"line":20,"column":20}},"loc":{"start":{"line":20,"column":53},"end":{"line":36,"column":null}}},"10":{"name":"(anonymous_10)","decl":{"start":{"line":22,"column":6},"end":{"line":22,"column":7}},"loc":{"start":{"line":22,"column":59},"end":{"line":34,"column":null}}},"11":{"name":"(anonymous_11)","decl":{"start":{"line":23,"column":13},"end":{"line":23,"column":19}},"loc":{"start":{"line":23,"column":19},"end":{"line":32,"column":null}}},"12":{"name":"(anonymous_12)","decl":{"start":{"line":33,"column":15},"end":{"line":33,"column":16}},"loc":{"start":{"line":33,"column":26},"end":{"line":33,"column":null}}},"13":{"name":"(anonymous_13)","decl":{"start":{"line":37,"column":19},"end":{"line":37,"column":20}},"loc":{"start":{"line":37,"column":57},"end":{"line":44,"column":null}}},"14":{"name":"(anonymous_14)","decl":{"start":{"line":39,"column":6},"end":{"line":39,"column":7}},"loc":{"start":{"line":39,"column":59},"end":{"line":42,"column":null}}},"15":{"name":"(anonymous_15)","decl":{"start":{"line":40,"column":13},"end":{"line":40,"column":19}},"loc":{"start":{"line":40,"column":19},"end":{"line":40,"column":null}}},"16":{"name":"(anonymous_16)","decl":{"start":{"line":41,"column":15},"end":{"line":41,"column":16}},"loc":{"start":{"line":41,"column":26},"end":{"line":41,"column":null}}},"17":{"name":"(anonymous_17)","decl":{"start":{"line":45,"column":19},"end":{"line":45,"column":20}},"loc":{"start":{"line":45,"column":36},"end":{"line":48,"column":null}}},"18":{"name":"(anonymous_18)","decl":{"start":{"line":46,"column":9},"end":{"line":46,"column":15}},"loc":{"start":{"line":46,"column":15},"end":{"line":46,"column":null}}},"19":{"name":"(anonymous_19)","decl":{"start":{"line":47,"column":11},"end":{"line":47,"column":12}},"loc":{"start":{"line":47,"column":22},"end":{"line":47,"column":null}}}},"branchMap":{},"s":{"0":0,"1":0,"2":0,"3":0,"4":0,"5":0,"6":0,"7":0,"8":0,"9":0,"10":0,"11":0,"12":0,"13":0,"14":0,"15":0,"16":0,"17":0,"18":0,"19":0,"20":0,"21":0},"f":{"0":0,"1":0,"2":0,"3":0,"4":0,"5":0,"6":0,"7":0,"8":0,"9":0,"10":0,"11":0,"12":0,"13":0,"14":0,"15":0,"16":0,"17":0,"18":0,"19":0},"b":{}}
,"/home/luke/Projects/rstful/convex/auth.ts": {"path":"/home/luke/Projects/rstful/convex/auth.ts","statementMap":{"0":{"start":{"line":6,"column":65},"end":{"line":19,"column":null}},"1":{"start":{"line":12,"column":0},"end":{"line":15,"column":null}},"2":{"start":{"line":20,"column":27},"end":{"line":29,"column":null}},"3":{"start":{"line":23,"column":19},"end":{"line":23,"column":null}},"4":{"start":{"line":24,"column":0},"end":{"line":26,"column":null}},"5":{"start":{"line":25,"column":0},"end":{"line":25,"column":null}},"6":{"start":{"line":27,"column":0},"end":{"line":27,"column":null}}},"fnMap":{"0":{"name":"(anonymous_0)","decl":{"start":{"line":11,"column":6},"end":{"line":11,"column":14}},"loc":{"start":{"line":11,"column":22},"end":{"line":16,"column":null}}},"1":{"name":"(anonymous_1)","decl":{"start":{"line":22,"column":11},"end":{"line":22,"column":18}},"loc":{"start":{"line":22,"column":26},"end":{"line":28,"column":null}}}},"branchMap":{"0":{"loc":{"start":{"line":24,"column":0},"end":{"line":26,"column":null}},"type":"if","locations":[{"start":{"line":24,"column":0},"end":{"line":26,"column":null}},{"start":{},"end":{}}]}},"s":{"0":0,"1":0,"2":0,"3":0,"4":0,"5":0,"6":0},"f":{"0":0,"1":0},"b":{"0":[0,0]}}
,"/home/luke/Projects/rstful/convex/http.ts": {"path":"/home/luke/Projects/rstful/convex/http.ts","statementMap":{"0":{"start":{"line":3,"column":13},"end":{"line":3,"column":null}},"1":{"start":{"line":4,"column":0},"end":{"line":4,"column":null}}},"fnMap":{},"branchMap":{},"s":{"0":0,"1":0},"f":{},"b":{}}
,"/home/luke/Projects/rstful/convex/rss_feed.ts": {"path":"/home/luke/Projects/rstful/convex/rss_feed.ts","statementMap":{"0":{"start":{"line":3,"column":28},"end":{"line":9,"column":null}},"1":{"start":{"line":6,"column":22},"end":{"line":6,"column":null}},"2":{"start":{"line":6,"column":72},"end":{"line":6,"column":120}},"3":{"start":{"line":7,"column":0},"end":{"line":7,"column":null}},"4":{"start":{"line":10,"column":29},"end":{"line":34,"column":null}},"5":{"start":{"line":22,"column":28},"end":{"line":31,"column":null}},"6":{"start":{"line":32,"column":0},"end":{"line":32,"column":null}},"7":{"start":{"line":35,"column":28},"end":{"line":51,"column":null}},"8":{"start":{"line":43,"column":28},"end":{"line":43,"column":null}},"9":{"start":{"line":44,"column":0},"end":{"line":48,"column":null}},"10":{"start":{"line":49,"column":0},"end":{"line":49,"column":null}},"11":{"start":{"line":52,"column":31},"end":{"line":61,"column":null}},"12":{"start":{"line":57,"column":28},"end":{"line":57,"column":null}},"13":{"start":{"line":58,"column":0},"end":{"line":58,"column":null}},"14":{"start":{"line":59,"column":0},"end":{"line":59,"column":null}}},"fnMap":{"0":{"name":"(anonymous_0)","decl":{"start":{"line":5,"column":11},"end":{"line":5,"column":18}},"loc":{"start":{"line":5,"column":32},"end":{"line":8,"column":null}}},"1":{"name":"(anonymous_1)","decl":{"start":{"line":6,"column":60},"end":{"line":6,"column":61}},"loc":{"start":{"line":6,"column":72},"end":{"line":6,"column":120}}},"2":{"name":"(anonymous_2)","decl":{"start":{"line":21,"column":11},"end":{"line":21,"column":18}},"loc":{"start":{"line":21,"column":32},"end":{"line":33,"column":null}}},"3":{"name":"(anonymous_3)","decl":{"start":{"line":42,"column":11},"end":{"line":42,"column":18}},"loc":{"start":{"line":42,"column":32},"end":{"line":50,"column":null}}},"4":{"name":"(anonymous_4)","decl":{"start":{"line":56,"column":11},"end":{"line":56,"column":18}},"loc":{"start":{"line":56,"column":32},"end":{"line":60,"column":null}}}},"branchMap":{"0":{"loc":{"start":{"line":29,"column":20},"end":{"line":29,"column":null}},"type":"binary-expr","locations":[{"start":{"line":29,"column":20},"end":{"line":29,"column":41}},{"start":{"line":29,"column":41},"end":{"line":29,"column":null}}]},"1":{"loc":{"start":{"line":30,"column":21},"end":{"line":30,"column":null}},"type":"binary-expr","locations":[{"start":{"line":30,"column":21},"end":{"line":30,"column":43}},{"start":{"line":30,"column":43},"end":{"line":30,"column":null}}]}},"s":{"0":0,"1":0,"2":0,"3":0,"4":0,"5":0,"6":0,"7":0,"8":0,"9":0,"10":0,"11":0,"12":0,"13":0,"14":0},"f":{"0":0,"1":0,"2":0,"3":0,"4":0},"b":{"0":[0,0],"1":[0,0]}}
,"/home/luke/Projects/rstful/convex/rss_fetcher.ts": {"path":"/home/luke/Projects/rstful/convex/rss_fetcher.ts","statementMap":{"0":{"start":{"line":8,"column":32},"end":{"line":31,"column":null}},"1":{"start":{"line":12,"column":18},"end":{"line":14,"column":null}},"2":{"start":{"line":16,"column":4},"end":{"line":18,"column":null}},"3":{"start":{"line":17,"column":6},"end":{"line":17,"column":null}},"4":{"start":{"line":20,"column":20},"end":{"line":22,"column":null}},"5":{"start":{"line":21,"column":26},"end":{"line":21,"column":54}},"6":{"start":{"line":24,"column":4},"end":{"line":29,"column":null}},"7":{"start":{"line":27,"column":40},"end":{"line":27,"column":64}},"8":{"start":{"line":28,"column":36},"end":{"line":28,"column":59}},"9":{"start":{"line":42,"column":2},"end":{"line":95,"column":null}},"10":{"start":{"line":44,"column":21},"end":{"line":44,"column":null}},"11":{"start":{"line":46,"column":4},"end":{"line":48,"column":null}},"12":{"start":{"line":47,"column":6},"end":{"line":47,"column":null}},"13":{"start":{"line":50,"column":20},"end":{"line":50,"column":null}},"14":{"start":{"line":52,"column":4},"end":{"line":54,"column":null}},"15":{"start":{"line":53,"column":6},"end":{"line":53,"column":null}},"16":{"start":{"line":57,"column":21},"end":{"line":57,"column":null}},"17":{"start":{"line":60,"column":27},"end":{"line":62,"column":null}},"18":{"start":{"line":61,"column":19},"end":{"line":61,"column":null}},"19":{"start":{"line":65,"column":4},"end":{"line":69,"column":null}},"20":{"start":{"line":72,"column":4},"end":{"line":78,"column":null}},"21":{"start":{"line":80,"column":4},"end":{"line":80,"column":null}},"22":{"start":{"line":83,"column":30},"end":{"line":83,"column":null}},"23":{"start":{"line":84,"column":23},"end":{"line":84,"column":null}},"24":{"start":{"line":86,"column":4},"end":{"line":92,"column":null}},"25":{"start":{"line":94,"column":4},"end":{"line":94,"column":null}},"26":{"start":{"line":99,"column":37},"end":{"line":131,"column":null}},"27":{"start":{"line":112,"column":4},"end":{"line":129,"column":null}},"28":{"start":{"line":114,"column":23},"end":{"line":117,"column":null}},"29":{"start":{"line":116,"column":37},"end":{"line":116,"column":63}},"30":{"start":{"line":119,"column":6},"end":{"line":128,"column":null}},"31":{"start":{"line":120,"column":8},"end":{"line":127,"column":null}},"32":{"start":{"line":134,"column":34},"end":{"line":155,"column":null}},"33":{"start":{"line":143,"column":17},"end":{"line":143,"column":null}},"34":{"start":{"line":144,"column":4},"end":{"line":146,"column":null}},"35":{"start":{"line":145,"column":6},"end":{"line":145,"column":null}},"36":{"start":{"line":148,"column":4},"end":{"line":153,"column":null}},"37":{"start":{"line":164,"column":4},"end":{"line":164,"column":null}},"38":{"start":{"line":166,"column":2},"end":{"line":241,"column":null}},"39":{"start":{"line":167,"column":19},"end":{"line":170,"column":null}},"40":{"start":{"line":172,"column":19},"end":{"line":172,"column":null}},"41":{"start":{"line":175,"column":28},"end":{"line":175,"column":null}},"42":{"start":{"line":178,"column":4},"end":{"line":188,"column":null}},"43":{"start":{"line":179,"column":6},"end":{"line":181,"column":null}},"44":{"start":{"line":182,"column":4},"end":{"line":188,"column":null}},"45":{"start":{"line":185,"column":6},"end":{"line":187,"column":null}},"46":{"start":{"line":190,"column":4},"end":{"line":237,"column":null}},"47":{"start":{"line":191,"column":6},"end":{"line":236,"column":null}},"48":{"start":{"line":193,"column":19},"end":{"line":193,"column":null}},"49":{"start":{"line":194,"column":8},"end":{"line":200,"column":null}},"50":{"start":{"line":195,"column":10},"end":{"line":199,"column":null}},"51":{"start":{"line":196,"column":12},"end":{"line":196,"column":null}},"52":{"start":{"line":197,"column":10},"end":{"line":199,"column":null}},"53":{"start":{"line":198,"column":12},"end":{"line":198,"column":null}},"54":{"start":{"line":202,"column":8},"end":{"line":204,"column":null}},"55":{"start":{"line":203,"column":10},"end":{"line":203,"column":null}},"56":{"start":{"line":207,"column":22},"end":{"line":207,"column":null}},"57":{"start":{"line":209,"column":10},"end":{"line":213,"column":null}},"58":{"start":{"line":216,"column":24},"end":{"line":216,"column":null}},"59":{"start":{"line":218,"column":8},"end":{"line":220,"column":null}},"60":{"start":{"line":219,"column":10},"end":{"line":219,"column":null}},"61":{"start":{"line":224,"column":27},"end":{"line":224,"column":null}},"62":{"start":{"line":225,"column":8},"end":{"line":230,"column":null}},"63":{"start":{"line":226,"column":23},"end":{"line":226,"column":null}},"64":{"start":{"line":227,"column":10},"end":{"line":229,"column":null}},"65":{"start":{"line":228,"column":12},"end":{"line":228,"column":null}},"66":{"start":{"line":232,"column":8},"end":{"line":232,"column":null}},"67":{"start":{"line":235,"column":8},"end":{"line":235,"column":null}},"68":{"start":{"line":240,"column":4},"end":{"line":240,"column":null}},"69":{"start":{"line":243,"column":2},"end":{"line":243,"column":null}}},"fnMap":{"0":{"name":"(anonymous_0)","decl":{"start":{"line":10,"column":11},"end":{"line":10,"column":18}},"loc":{"start":{"line":10,"column":32},"end":{"line":30,"column":null}}},"1":{"name":"(anonymous_1)","decl":{"start":{"line":21,"column":16},"end":{"line":21,"column":17}},"loc":{"start":{"line":21,"column":26},"end":{"line":21,"column":54}}},"2":{"name":"(anonymous_2)","decl":{"start":{"line":27,"column":33},"end":{"line":27,"column":34}},"loc":{"start":{"line":27,"column":40},"end":{"line":27,"column":64}}},"3":{"name":"(anonymous_3)","decl":{"start":{"line":28,"column":29},"end":{"line":28,"column":30}},"loc":{"start":{"line":28,"column":36},"end":{"line":28,"column":59}}},"4":{"name":"fetch_single_feed","decl":{"start":{"line":33,"column":15},"end":{"line":33,"column":null}},"loc":{"start":{"line":41,"column":2},"end":{"line":96,"column":null}}},"5":{"name":"(anonymous_5)","decl":{"start":{"line":61,"column":6},"end":{"line":61,"column":7}},"loc":{"start":{"line":61,"column":19},"end":{"line":61,"column":null}}},"6":{"name":"(anonymous_6)","decl":{"start":{"line":111,"column":11},"end":{"line":111,"column":18}},"loc":{"start":{"line":111,"column":32},"end":{"line":130,"column":null}}},"7":{"name":"(anonymous_7)","decl":{"start":{"line":116,"column":30},"end":{"line":116,"column":31}},"loc":{"start":{"line":116,"column":37},"end":{"line":116,"column":63}}},"8":{"name":"(anonymous_8)","decl":{"start":{"line":142,"column":11},"end":{"line":142,"column":18}},"loc":{"start":{"line":142,"column":32},"end":{"line":154,"column":null}}},"9":{"name":"parse_rss_xml","decl":{"start":{"line":158,"column":16},"end":{"line":158,"column":30}},"loc":{"start":{"line":162,"column":3},"end":{"line":244,"column":null}}}},"branchMap":{"0":{"loc":{"start":{"line":16,"column":4},"end":{"line":18,"column":null}},"type":"if","locations":[{"start":{"line":16,"column":4},"end":{"line":18,"column":null}},{"start":{},"end":{}}]},"1":{"loc":{"start":{"line":46,"column":4},"end":{"line":48,"column":null}},"type":"if","locations":[{"start":{"line":46,"column":4},"end":{"line":48,"column":null}},{"start":{},"end":{}}]},"2":{"loc":{"start":{"line":52,"column":4},"end":{"line":54,"column":null}},"type":"if","locations":[{"start":{"line":52,"column":4},"end":{"line":54,"column":null}},{"start":{},"end":{}}]},"3":{"loc":{"start":{"line":52,"column":8},"end":{"line":52,"column":43}},"type":"binary-expr","locations":[{"start":{"line":52,"column":8},"end":{"line":52,"column":20}},{"start":{"line":52,"column":20},"end":{"line":52,"column":43}}]},"4":{"loc":{"start":{"line":61,"column":19},"end":{"line":61,"column":null}},"type":"binary-expr","locations":[{"start":{"line":61,"column":19},"end":{"line":61,"column":35}},{"start":{"line":61,"column":35},"end":{"line":61,"column":null}}]},"5":{"loc":{"start":{"line":84,"column":23},"end":{"line":84,"column":null}},"type":"cond-expr","locations":[{"start":{"line":84,"column":48},"end":{"line":84,"column":58}},{"start":{"line":84,"column":58},"end":{"line":84,"column":null}}]},"6":{"loc":{"start":{"line":119,"column":6},"end":{"line":128,"column":null}},"type":"if","locations":[{"start":{"line":119,"column":6},"end":{"line":128,"column":null}},{"start":{},"end":{}}]},"7":{"loc":{"start":{"line":125,"column":20},"end":{"line":125,"column":null}},"type":"cond-expr","locations":[{"start":{"line":125,"column":39},"end":{"line":125,"column":66}},{"start":{"line":125,"column":66},"end":{"line":125,"column":null}}]},"8":{"loc":{"start":{"line":144,"column":4},"end":{"line":146,"column":null}},"type":"if","locations":[{"start":{"line":144,"column":4},"end":{"line":146,"column":null}},{"start":{},"end":{}}]},"9":{"loc":{"start":{"line":178,"column":4},"end":{"line":188,"column":null}},"type":"if","locations":[{"start":{"line":178,"column":4},"end":{"line":188,"column":null}},{"start":{"line":182,"column":4},"end":{"line":188,"column":null}}]},"10":{"loc":{"start":{"line":178,"column":8},"end":{"line":178,"column":69}},"type":"binary-expr","locations":[{"start":{"line":178,"column":8},"end":{"line":178,"column":22}},{"start":{"line":178,"column":22},"end":{"line":178,"column":44}},{"start":{"line":178,"column":44},"end":{"line":178,"column":69}}]},"11":{"loc":{"start":{"line":179,"column":14},"end":{"line":181,"column":null}},"type":"cond-expr","locations":[{"start":{"line":180,"column":10},"end":{"line":180,"column":null}},{"start":{"line":181,"column":10},"end":{"line":181,"column":null}}]},"12":{"loc":{"start":{"line":182,"column":4},"end":{"line":188,"column":null}},"type":"if","locations":[{"start":{"line":182,"column":4},"end":{"line":188,"column":null}},{"start":{},"end":{}}]},"13":{"loc":{"start":{"line":184,"column":13},"end":{"line":184,"column":47}},"type":"binary-expr","locations":[{"start":{"line":184,"column":13},"end":{"line":184,"column":28}},{"start":{"line":184,"column":28},"end":{"line":184,"column":47}}]},"14":{"loc":{"start":{"line":185,"column":14},"end":{"line":187,"column":null}},"type":"cond-expr","locations":[{"start":{"line":186,"column":10},"end":{"line":186,"column":null}},{"start":{"line":187,"column":10},"end":{"line":187,"column":null}}]},"15":{"loc":{"start":{"line":194,"column":8},"end":{"line":200,"column":null}},"type":"if","locations":[{"start":{"line":194,"column":8},"end":{"line":200,"column":null}},{"start":{},"end":{}}]},"16":{"loc":{"start":{"line":195,"column":10},"end":{"line":199,"column":null}},"type":"if","locations":[{"start":{"line":195,"column":10},"end":{"line":199,"column":null}},{"start":{"line":197,"column":10},"end":{"line":199,"column":null}}]},"17":{"loc":{"start":{"line":197,"column":10},"end":{"line":199,"column":null}},"type":"if","locations":[{"start":{"line":197,"column":10},"end":{"line":199,"column":null}},{"start":{},"end":{}}]},"18":{"loc":{"start":{"line":202,"column":8},"end":{"line":204,"column":null}},"type":"if","locations":[{"start":{"line":202,"column":8},"end":{"line":204,"column":null}},{"start":{},"end":{}}]},"19":{"loc":{"start":{"line":202,"column":12},"end":{"line":202,"column":41}},"type":"binary-expr","locations":[{"start":{"line":202,"column":12},"end":{"line":202,"column":21}},{"start":{"line":202,"column":21},"end":{"line":202,"column":41}}]},"20":{"loc":{"start":{"line":207,"column":22},"end":{"line":207,"column":null}},"type":"binary-expr","locations":[{"start":{"line":207,"column":22},"end":{"line":207,"column":36}},{"start":{"line":207,"column":36},"end":{"line":207,"column":null}}]},"21":{"loc":{"start":{"line":209,"column":10},"end":{"line":213,"column":null}},"type":"binary-expr","locations":[{"start":{"line":209,"column":10},"end":{"line":209,"column":null}},{"start":{"line":210,"column":10},"end":{"line":210,"column":null}},{"start":{"line":211,"column":10},"end":{"line":211,"column":null}},{"start":{"line":212,"column":10},"end":{"line":212,"column":null}},{"start":{"line":213,"column":10},"end":{"line":213,"column":null}}]},"22":{"loc":{"start":{"line":218,"column":8},"end":{"line":220,"column":null}},"type":"if","locations":[{"start":{"line":218,"column":8},"end":{"line":220,"column":null}},{"start":{},"end":{}}]},"23":{"loc":{"start":{"line":224,"column":27},"end":{"line":224,"column":null}},"type":"binary-expr","locations":[{"start":{"line":224,"column":27},"end":{"line":224,"column":43}},{"start":{"line":224,"column":43},"end":{"line":224,"column":61}},{"start":{"line":224,"column":61},"end":{"line":224,"column":null}}]},"24":{"loc":{"start":{"line":225,"column":8},"end":{"line":230,"column":null}},"type":"if","locations":[{"start":{"line":225,"column":8},"end":{"line":230,"column":null}},{"start":{},"end":{}}]},"25":{"loc":{"start":{"line":227,"column":10},"end":{"line":229,"column":null}},"type":"if","locations":[{"start":{"line":227,"column":10},"end":{"line":229,"column":null}},{"start":{},"end":{}}]}},"s":{"0":1,"1":0,"2":0,"3":0,"4":0,"5":0,"6":0,"7":0,"8":0,"9":0,"10":0,"11":0,"12":0,"13":0,"14":0,"15":0,"16":0,"17":0,"18":0,"19":0,"20":0,"21":0,"22":0,"23":0,"24":0,"25":0,"26":1,"27":0,"28":0,"29":0,"30":0,"31":0,"32":1,"33":0,"34":0,"35":0,"36":0,"37":22,"38":22,"39":22,"40":22,"41":22,"42":22,"43":12,"44":10,"45":4,"46":22,"47":22,"48":22,"49":22,"50":20,"51":15,"52":5,"53":5,"54":22,"55":2,"56":20,"57":20,"58":20,"59":20,"60":1,"61":19,"62":19,"63":5,"64":5,"65":4,"66":19,"67":0,"68":0,"69":22},"f":{"0":0,"1":0,"2":0,"3":0,"4":0,"5":0,"6":0,"7":0,"8":0,"9":22},"b":{"0":[0,0],"1":[0,0],"2":[0,0],"3":[0,0],"4":[0,0],"5":[0,0],"6":[0,0],"7":[0,0],"8":[0,0],"9":[12,10],"10":[22,13,13],"11":[4,8],"12":[4,6],"13":[10,5],"14":[1,3],"15":[20,2],"16":[15,5],"17":[5,0],"18":[2,20],"19":[22,20],"20":[20,1],"21":[20,7,2,2,2],"22":[1,19],"23":[19,16,14],"24":[5,14],"25":[4,1]}}
,"/home/luke/Projects/rstful/convex/saved_content.api.ts": {"path":"/home/luke/Projects/rstful/convex/saved_content.api.ts","statementMap":{"0":{"start":{"line":3,"column":33},"end":{"line":9,"column":null}},"1":{"start":{"line":6,"column":26},"end":{"line":6,"column":null}},"2":{"start":{"line":6,"column":93},"end":{"line":6,"column":122}},"3":{"start":{"line":7,"column":0},"end":{"line":7,"column":null}},"4":{"start":{"line":10,"column":34},"end":{"line":24,"column":null}},"5":{"start":{"line":17,"column":33},"end":{"line":21,"column":null}},"6":{"start":{"line":22,"column":0},"end":{"line":22,"column":null}},"7":{"start":{"line":25,"column":36},"end":{"line":34,"column":null}},"8":{"start":{"line":30,"column":33},"end":{"line":30,"column":null}},"9":{"start":{"line":31,"column":0},"end":{"line":31,"column":null}},"10":{"start":{"line":32,"column":0},"end":{"line":32,"column":null}}},"fnMap":{"0":{"name":"(anonymous_0)","decl":{"start":{"line":5,"column":11},"end":{"line":5,"column":18}},"loc":{"start":{"line":5,"column":32},"end":{"line":8,"column":null}}},"1":{"name":"(anonymous_1)","decl":{"start":{"line":6,"column":86},"end":{"line":6,"column":87}},"loc":{"start":{"line":6,"column":93},"end":{"line":6,"column":122}}},"2":{"name":"(anonymous_2)","decl":{"start":{"line":16,"column":11},"end":{"line":16,"column":18}},"loc":{"start":{"line":16,"column":32},"end":{"line":23,"column":null}}},"3":{"name":"(anonymous_3)","decl":{"start":{"line":29,"column":11},"end":{"line":29,"column":18}},"loc":{"start":{"line":29,"column":32},"end":{"line":33,"column":null}}}},"branchMap":{"0":{"loc":{"start":{"line":20,"column":9},"end":{"line":20,"column":null}},"type":"binary-expr","locations":[{"start":{"line":20,"column":9},"end":{"line":20,"column":29}},{"start":{"line":20,"column":29},"end":{"line":20,"column":null}}]}},"s":{"0":0,"1":0,"2":0,"3":0,"4":0,"5":0,"6":0,"7":0,"8":0,"9":0,"10":0},"f":{"0":0,"1":0,"2":0,"3":0},"b":{"0":[0,0]}}
,"/home/luke/Projects/rstful/convex/auth/ResendOTPEmailVerification.ts": {"path":"/home/luke/Projects/rstful/convex/auth/ResendOTPEmailVerification.ts","statementMap":{"0":{"start":{"line":7,"column":30},"end":{"line":26,"column":null}},"1":{"start":{"line":7,"column":48},"end":{"line":26,"column":null}},"2":{"start":{"line":9,"column":19},"end":{"line":9,"column":null}},"3":{"start":{"line":10,"column":19},"end":{"line":15,"column":null}},"4":{"start":{"line":16,"column":0},"end":{"line":19,"column":null}},"5":{"start":{"line":17,"column":0},"end":{"line":17,"column":null}},"6":{"start":{"line":18,"column":0},"end":{"line":18,"column":null}},"7":{"start":{"line":20,"column":0},"end":{"line":20,"column":null}},"8":{"start":{"line":23,"column":0},"end":{"line":23,"column":null}},"9":{"start":{"line":24,"column":0},"end":{"line":24,"column":null}},"10":{"start":{"line":27,"column":34},"end":{"line":36,"column":null}},"11":{"start":{"line":27,"column":40},"end":{"line":36,"column":null}},"12":{"start":{"line":28,"column":17},"end":{"line":32,"column":null}},"13":{"start":{"line":30,"column":0},"end":{"line":30,"column":null}},"14":{"start":{"line":33,"column":19},"end":{"line":33,"column":null}},"15":{"start":{"line":34,"column":17},"end":{"line":34,"column":null}},"16":{"start":{"line":35,"column":0},"end":{"line":35,"column":null}},"17":{"start":{"line":37,"column":42},"end":{"line":46,"column":null}},"18":{"start":{"line":41,"column":0},"end":{"line":41,"column":null}},"19":{"start":{"line":44,"column":0},"end":{"line":44,"column":null}}},"fnMap":{"0":{"name":"(anonymous_0)","decl":{"start":{"line":7,"column":30},"end":{"line":7,"column":31}},"loc":{"start":{"line":7,"column":48},"end":{"line":26,"column":null}}},"1":{"name":"(anonymous_1)","decl":{"start":{"line":8,"column":7},"end":{"line":8,"column":19}},"loc":{"start":{"line":8,"column":19},"end":{"line":21,"column":null}}},"2":{"name":"(anonymous_2)","decl":{"start":{"line":22,"column":9},"end":{"line":22,"column":10}},"loc":{"start":{"line":22,"column":20},"end":{"line":25,"column":null}}},"3":{"name":"(anonymous_3)","decl":{"start":{"line":27,"column":34},"end":{"line":27,"column":40}},"loc":{"start":{"line":27,"column":40},"end":{"line":36,"column":null}}},"4":{"name":"(anonymous_4)","decl":{"start":{"line":27,"column":52},"end":{"line":27,"column":58}},"loc":{"start":{"line":27,"column":58},"end":{"line":36,"column":1}}},"5":{"name":"(anonymous_5)","decl":{"start":{"line":29,"column":4},"end":{"line":29,"column":9}},"loc":{"start":{"line":29,"column":16},"end":{"line":31,"column":null}}},"6":{"name":"(anonymous_6)","decl":{"start":{"line":40,"column":2},"end":{"line":40,"column":8}},"loc":{"start":{"line":40,"column":36},"end":{"line":42,"column":null}}},"7":{"name":"(anonymous_7)","decl":{"start":{"line":43,"column":2},"end":{"line":43,"column":8}},"loc":{"start":{"line":43,"column":72},"end":{"line":45,"column":null}}}},"branchMap":{"0":{"loc":{"start":{"line":16,"column":0},"end":{"line":19,"column":null}},"type":"if","locations":[{"start":{"line":16,"column":0},"end":{"line":19,"column":null}},{"start":{},"end":{}}]}},"s":{"0":0,"1":0,"2":0,"3":0,"4":0,"5":0,"6":0,"7":0,"8":0,"9":0,"10":0,"11":0,"12":0,"13":0,"14":0,"15":0,"16":0,"17":0,"18":0,"19":0},"f":{"0":0,"1":0,"2":0,"3":0,"4":0,"5":0,"6":0,"7":0},"b":{"0":[0,0]}}
,"/home/luke/Projects/rstful/convex/auth/ResendOTPPasswordReset.ts": {"path":"/home/luke/Projects/rstful/convex/auth/ResendOTPPasswordReset.ts","statementMap":{"0":{"start":{"line":7,"column":31},"end":{"line":29,"column":null}},"1":{"start":{"line":7,"column":49},"end":{"line":29,"column":null}},"2":{"start":{"line":9,"column":19},"end":{"line":9,"column":null}},"3":{"start":{"line":10,"column":21},"end":{"line":10,"column":null}},"4":{"start":{"line":11,"column":19},"end":{"line":18,"column":null}},"5":{"start":{"line":19,"column":0},"end":{"line":22,"column":null}},"6":{"start":{"line":20,"column":0},"end":{"line":20,"column":null}},"7":{"start":{"line":21,"column":0},"end":{"line":21,"column":null}},"8":{"start":{"line":23,"column":0},"end":{"line":23,"column":null}},"9":{"start":{"line":26,"column":0},"end":{"line":26,"column":null}},"10":{"start":{"line":27,"column":0},"end":{"line":27,"column":null}},"11":{"start":{"line":30,"column":34},"end":{"line":39,"column":null}},"12":{"start":{"line":30,"column":40},"end":{"line":39,"column":null}},"13":{"start":{"line":31,"column":17},"end":{"line":35,"column":null}},"14":{"start":{"line":33,"column":0},"end":{"line":33,"column":null}},"15":{"start":{"line":36,"column":19},"end":{"line":36,"column":null}},"16":{"start":{"line":37,"column":17},"end":{"line":37,"column":null}},"17":{"start":{"line":38,"column":0},"end":{"line":38,"column":null}},"18":{"start":{"line":40,"column":38},"end":{"line":49,"column":null}},"19":{"start":{"line":44,"column":0},"end":{"line":44,"column":null}},"20":{"start":{"line":47,"column":0},"end":{"line":47,"column":null}}},"fnMap":{"0":{"name":"(anonymous_0)","decl":{"start":{"line":7,"column":31},"end":{"line":7,"column":32}},"loc":{"start":{"line":7,"column":49},"end":{"line":29,"column":null}}},"1":{"name":"(anonymous_1)","decl":{"start":{"line":8,"column":7},"end":{"line":8,"column":19}},"loc":{"start":{"line":8,"column":19},"end":{"line":24,"column":null}}},"2":{"name":"(anonymous_2)","decl":{"start":{"line":25,"column":9},"end":{"line":25,"column":10}},"loc":{"start":{"line":25,"column":20},"end":{"line":28,"column":null}}},"3":{"name":"(anonymous_3)","decl":{"start":{"line":30,"column":34},"end":{"line":30,"column":40}},"loc":{"start":{"line":30,"column":40},"end":{"line":39,"column":null}}},"4":{"name":"(anonymous_4)","decl":{"start":{"line":30,"column":52},"end":{"line":30,"column":58}},"loc":{"start":{"line":30,"column":58},"end":{"line":39,"column":1}}},"5":{"name":"(anonymous_5)","decl":{"start":{"line":32,"column":4},"end":{"line":32,"column":9}},"loc":{"start":{"line":32,"column":16},"end":{"line":34,"column":null}}},"6":{"name":"(anonymous_6)","decl":{"start":{"line":43,"column":2},"end":{"line":43,"column":8}},"loc":{"start":{"line":43,"column":36},"end":{"line":45,"column":null}}},"7":{"name":"(anonymous_7)","decl":{"start":{"line":46,"column":2},"end":{"line":46,"column":8}},"loc":{"start":{"line":46,"column":72},"end":{"line":48,"column":null}}}},"branchMap":{"0":{"loc":{"start":{"line":19,"column":0},"end":{"line":22,"column":null}},"type":"if","locations":[{"start":{"line":19,"column":0},"end":{"line":22,"column":null}},{"start":{},"end":{}}]}},"s":{"0":0,"1":0,"2":0,"3":0,"4":0,"5":0,"6":0,"7":0,"8":0,"9":0,"10":0,"11":0,"12":0,"13":0,"14":0,"15":0,"16":0,"17":0,"18":0,"19":0,"20":0},"f":{"0":0,"1":0,"2":0,"3":0,"4":0,"5":0,"6":0,"7":0},"b":{"0":[0,0]}}
}
